{"/workspace/FullStackOpen/fullstackopen2020/part5/bloglist-frontend/src/App.js": {"path":"/workspace/FullStackOpen/fullstackopen2020/part5/bloglist-frontend/src/App.js","statementMap":{"0":{"start":{"line":9,"column":12},"end":{"line":86,"column":1}},"1":{"start":{"line":10,"column":26},"end":{"line":10,"column":40}},"2":{"start":{"line":11,"column":28},"end":{"line":11,"column":40}},"3":{"start":{"line":12,"column":42},"end":{"line":12,"column":56}},"4":{"start":{"line":13,"column":38},"end":{"line":13,"column":57}},"5":{"start":{"line":14,"column":22},"end":{"line":14,"column":30}},"6":{"start":{"line":15,"column":2},"end":{"line":17,"column":8}},"7":{"start":{"line":16,"column":4},"end":{"line":16,"column":57}},"8":{"start":{"line":16,"column":41},"end":{"line":16,"column":56}},"9":{"start":{"line":18,"column":2},"end":{"line":25,"column":8}},"10":{"start":{"line":19,"column":29},"end":{"line":19,"column":72}},"11":{"start":{"line":20,"column":4},"end":{"line":24,"column":5}},"12":{"start":{"line":21,"column":19},"end":{"line":21,"column":47}},"13":{"start":{"line":22,"column":6},"end":{"line":22,"column":19}},"14":{"start":{"line":23,"column":6},"end":{"line":23,"column":38}},"15":{"start":{"line":26,"column":19},"end":{"line":37,"column":3}},"16":{"start":{"line":27,"column":4},"end":{"line":36,"column":16}},"17":{"start":{"line":38,"column":20},"end":{"line":45,"column":3}},"18":{"start":{"line":39,"column":4},"end":{"line":44,"column":6}},"19":{"start":{"line":47,"column":2},"end":{"line":85,"column":3}},"20":{"start":{"line":59,"column":16},"end":{"line":59,"column":62}},"21":{"start":{"line":60,"column":16},"end":{"line":60,"column":29}},"22":{"start":{"line":68,"column":32},"end":{"line":68,"column":68}},"23":{"start":{"line":69,"column":31},"end":{"line":69,"column":57}},"24":{"start":{"line":71,"column":16},"end":{"line":78,"column":18}}},"fnMap":{"0":{"name":"(anonymous_0)","decl":{"start":{"line":9,"column":12},"end":{"line":9,"column":13}},"loc":{"start":{"line":9,"column":18},"end":{"line":86,"column":1}},"line":9},"1":{"name":"(anonymous_1)","decl":{"start":{"line":15,"column":12},"end":{"line":15,"column":13}},"loc":{"start":{"line":15,"column":18},"end":{"line":17,"column":3}},"line":15},"2":{"name":"(anonymous_2)","decl":{"start":{"line":16,"column":30},"end":{"line":16,"column":31}},"loc":{"start":{"line":16,"column":41},"end":{"line":16,"column":56}},"line":16},"3":{"name":"(anonymous_3)","decl":{"start":{"line":18,"column":12},"end":{"line":18,"column":13}},"loc":{"start":{"line":18,"column":18},"end":{"line":25,"column":3}},"line":18},"4":{"name":"(anonymous_4)","decl":{"start":{"line":26,"column":19},"end":{"line":26,"column":20}},"loc":{"start":{"line":27,"column":4},"end":{"line":36,"column":16}},"line":27},"5":{"name":"(anonymous_5)","decl":{"start":{"line":38,"column":20},"end":{"line":38,"column":21}},"loc":{"start":{"line":39,"column":4},"end":{"line":44,"column":6}},"line":39},"6":{"name":"(anonymous_6)","decl":{"start":{"line":58,"column":23},"end":{"line":58,"column":24}},"loc":{"start":{"line":58,"column":29},"end":{"line":61,"column":15}},"line":58},"7":{"name":"(anonymous_7)","decl":{"start":{"line":68,"column":22},"end":{"line":68,"column":23}},"loc":{"start":{"line":68,"column":32},"end":{"line":68,"column":68}},"line":68},"8":{"name":"(anonymous_8)","decl":{"start":{"line":69,"column":20},"end":{"line":69,"column":21}},"loc":{"start":{"line":69,"column":31},"end":{"line":69,"column":57}},"line":69},"9":{"name":"(anonymous_9)","decl":{"start":{"line":70,"column":19},"end":{"line":70,"column":20}},"loc":{"start":{"line":71,"column":16},"end":{"line":78,"column":18}},"line":71}},"branchMap":{"0":{"loc":{"start":{"line":20,"column":4},"end":{"line":24,"column":5}},"type":"if","locations":[{"start":{"line":20,"column":4},"end":{"line":24,"column":5}},{"start":{"line":20,"column":4},"end":{"line":24,"column":5}}],"line":20},"1":{"loc":{"start":{"line":51,"column":7},"end":{"line":83,"column":7}},"type":"cond-expr","locations":[{"start":{"line":52,"column":8},"end":{"line":52,"column":32}},{"start":{"line":54,"column":8},"end":{"line":82,"column":14}}],"line":51},"2":{"loc":{"start":{"line":69,"column":31},"end":{"line":69,"column":57}},"type":"cond-expr","locations":[{"start":{"line":69,"column":51},"end":{"line":69,"column":52}},{"start":{"line":69,"column":55},"end":{"line":69,"column":57}}],"line":69}},"s":{"0":0,"1":0,"2":0,"3":0,"4":0,"5":0,"6":0,"7":0,"8":0,"9":0,"10":0,"11":0,"12":0,"13":0,"14":0,"15":0,"16":0,"17":0,"18":0,"19":0,"20":0,"21":0,"22":0,"23":0,"24":0},"f":{"0":0,"1":0,"2":0,"3":0,"4":0,"5":0,"6":0,"7":0,"8":0,"9":0},"b":{"0":[0,0],"1":[0,0],"2":[0,0]},"hash":"f1e1b6416b06e61feb22fbb06dcc886bc08b2b9d"}
,"/workspace/FullStackOpen/fullstackopen2020/part5/bloglist-frontend/src/index.js": {"path":"/workspace/FullStackOpen/fullstackopen2020/part5/bloglist-frontend/src/index.js","statementMap":{"0":{"start":{"line":5,"column":0},"end":{"line":5,"column":57}}},"fnMap":{},"branchMap":{},"s":{"0":0},"f":{},"b":{},"hash":"fb4cf5d30ffbdb86993a9dc960dae9881706bfd8"}
,"/workspace/FullStackOpen/fullstackopen2020/part5/bloglist-frontend/src/components/Blog.js": {"path":"/workspace/FullStackOpen/fullstackopen2020/part5/bloglist-frontend/src/components/Blog.js","statementMap":{"0":{"start":{"line":2,"column":13},"end":{"line":80,"column":1}},"1":{"start":{"line":3,"column":46},"end":{"line":3,"column":61}},"2":{"start":{"line":4,"column":20},"end":{"line":10,"column":3}},"3":{"start":{"line":12,"column":21},"end":{"line":14,"column":3}},"4":{"start":{"line":13,"column":4},"end":{"line":13,"column":38}},"5":{"start":{"line":16,"column":21},"end":{"line":30,"column":3}},"6":{"start":{"line":17,"column":4},"end":{"line":17,"column":26}},"7":{"start":{"line":18,"column":4},"end":{"line":29,"column":5}},"8":{"start":{"line":19,"column":6},"end":{"line":22,"column":7}},"9":{"start":{"line":20,"column":8},"end":{"line":20,"column":41}},"10":{"start":{"line":21,"column":8},"end":{"line":21,"column":44}},"11":{"start":{"line":24,"column":6},"end":{"line":24,"column":51}},"12":{"start":{"line":25,"column":6},"end":{"line":25,"column":30}},"13":{"start":{"line":26,"column":6},"end":{"line":28,"column":14}},"14":{"start":{"line":27,"column":8},"end":{"line":27,"column":29}},"15":{"start":{"line":32,"column":24},"end":{"line":51,"column":3}},"16":{"start":{"line":33,"column":4},"end":{"line":33,"column":26}},"17":{"start":{"line":34,"column":4},"end":{"line":50,"column":5}},"18":{"start":{"line":35,"column":23},"end":{"line":35,"column":25}},"19":{"start":{"line":36,"column":6},"end":{"line":36,"column":34}},"20":{"start":{"line":37,"column":6},"end":{"line":37,"column":38}},"21":{"start":{"line":38,"column":6},"end":{"line":38,"column":40}},"22":{"start":{"line":39,"column":6},"end":{"line":39,"column":34}},"23":{"start":{"line":40,"column":6},"end":{"line":40,"column":42}},"24":{"start":{"line":41,"column":6},"end":{"line":41,"column":51}},"25":{"start":{"line":42,"column":6},"end":{"line":42,"column":42}},"26":{"start":{"line":44,"column":6},"end":{"line":44,"column":28}},"27":{"start":{"line":45,"column":6},"end":{"line":45,"column":51}},"28":{"start":{"line":46,"column":6},"end":{"line":46,"column":30}},"29":{"start":{"line":47,"column":6},"end":{"line":49,"column":14}},"30":{"start":{"line":48,"column":8},"end":{"line":48,"column":29}},"31":{"start":{"line":53,"column":2},"end":{"line":79,"column":3}}},"fnMap":{"0":{"name":"(anonymous_0)","decl":{"start":{"line":2,"column":13},"end":{"line":2,"column":14}},"loc":{"start":{"line":2,"column":82},"end":{"line":80,"column":1}},"line":2},"1":{"name":"(anonymous_1)","decl":{"start":{"line":12,"column":21},"end":{"line":12,"column":22}},"loc":{"start":{"line":12,"column":27},"end":{"line":14,"column":3}},"line":12},"2":{"name":"(anonymous_2)","decl":{"start":{"line":16,"column":21},"end":{"line":16,"column":22}},"loc":{"start":{"line":16,"column":38},"end":{"line":30,"column":3}},"line":16},"3":{"name":"(anonymous_3)","decl":{"start":{"line":26,"column":17},"end":{"line":26,"column":18}},"loc":{"start":{"line":26,"column":23},"end":{"line":28,"column":7}},"line":26},"4":{"name":"(anonymous_4)","decl":{"start":{"line":32,"column":24},"end":{"line":32,"column":25}},"loc":{"start":{"line":32,"column":41},"end":{"line":51,"column":3}},"line":32},"5":{"name":"(anonymous_5)","decl":{"start":{"line":47,"column":17},"end":{"line":47,"column":18}},"loc":{"start":{"line":47,"column":23},"end":{"line":49,"column":7}},"line":47}},"branchMap":{"0":{"loc":{"start":{"line":19,"column":6},"end":{"line":22,"column":7}},"type":"if","locations":[{"start":{"line":19,"column":6},"end":{"line":22,"column":7}},{"start":{"line":19,"column":6},"end":{"line":22,"column":7}}],"line":19},"1":{"loc":{"start":{"line":55,"column":7},"end":{"line":77,"column":7}},"type":"cond-expr","locations":[{"start":{"line":56,"column":8},"end":{"line":69,"column":14}},{"start":{"line":71,"column":8},"end":{"line":76,"column":14}}],"line":55}},"s":{"0":1,"1":5,"2":5,"3":5,"4":2,"5":5,"6":0,"7":0,"8":0,"9":0,"10":0,"11":0,"12":0,"13":0,"14":0,"15":5,"16":2,"17":2,"18":2,"19":2,"20":2,"21":2,"22":2,"23":2,"24":2,"25":2,"26":0,"27":0,"28":0,"29":0,"30":0,"31":5},"f":{"0":5,"1":2,"2":0,"3":0,"4":2,"5":0},"b":{"0":[0,0],"1":[2,3]},"_coverageSchema":"43e27e138ebf9cfc5966b082cf9a028302ed4184","hash":"10c35f02cb2a486cb348bdc929ffafde96a1e357"}
,"/workspace/FullStackOpen/fullstackopen2020/part5/bloglist-frontend/src/components/LoginForm.js": {"path":"/workspace/FullStackOpen/fullstackopen2020/part5/bloglist-frontend/src/components/LoginForm.js","statementMap":{"0":{"start":{"line":4,"column":18},"end":{"line":58,"column":1}},"1":{"start":{"line":5,"column":34},"end":{"line":5,"column":46}},"2":{"start":{"line":6,"column":34},"end":{"line":6,"column":46}},"3":{"start":{"line":7,"column":22},"end":{"line":31,"column":3}},"4":{"start":{"line":8,"column":4},"end":{"line":8,"column":26}},"5":{"start":{"line":9,"column":4},"end":{"line":30,"column":5}},"6":{"start":{"line":10,"column":19},"end":{"line":13,"column":8}},"7":{"start":{"line":14,"column":6},"end":{"line":14,"column":71}},"8":{"start":{"line":15,"column":6},"end":{"line":15,"column":38}},"9":{"start":{"line":16,"column":6},"end":{"line":16,"column":19}},"10":{"start":{"line":17,"column":6},"end":{"line":17,"column":21}},"11":{"start":{"line":18,"column":6},"end":{"line":18,"column":21}},"12":{"start":{"line":19,"column":6},"end":{"line":19,"column":51}},"13":{"start":{"line":20,"column":6},"end":{"line":20,"column":30}},"14":{"start":{"line":21,"column":6},"end":{"line":23,"column":14}},"15":{"start":{"line":22,"column":8},"end":{"line":22,"column":29}},"16":{"start":{"line":25,"column":6},"end":{"line":25,"column":42}},"17":{"start":{"line":26,"column":6},"end":{"line":26,"column":28}},"18":{"start":{"line":27,"column":6},"end":{"line":29,"column":14}},"19":{"start":{"line":28,"column":8},"end":{"line":28,"column":29}},"20":{"start":{"line":33,"column":2},"end":{"line":57,"column":3}},"21":{"start":{"line":42,"column":36},"end":{"line":42,"column":61}},"22":{"start":{"line":52,"column":36},"end":{"line":52,"column":61}}},"fnMap":{"0":{"name":"(anonymous_0)","decl":{"start":{"line":4,"column":18},"end":{"line":4,"column":19}},"loc":{"start":{"line":4,"column":80},"end":{"line":58,"column":1}},"line":4},"1":{"name":"(anonymous_1)","decl":{"start":{"line":7,"column":22},"end":{"line":7,"column":23}},"loc":{"start":{"line":7,"column":39},"end":{"line":31,"column":3}},"line":7},"2":{"name":"(anonymous_2)","decl":{"start":{"line":21,"column":17},"end":{"line":21,"column":18}},"loc":{"start":{"line":21,"column":23},"end":{"line":23,"column":7}},"line":21},"3":{"name":"(anonymous_3)","decl":{"start":{"line":27,"column":17},"end":{"line":27,"column":18}},"loc":{"start":{"line":27,"column":23},"end":{"line":29,"column":7}},"line":27},"4":{"name":"(anonymous_4)","decl":{"start":{"line":42,"column":20},"end":{"line":42,"column":21}},"loc":{"start":{"line":42,"column":36},"end":{"line":42,"column":61}},"line":42},"5":{"name":"(anonymous_5)","decl":{"start":{"line":52,"column":20},"end":{"line":52,"column":21}},"loc":{"start":{"line":52,"column":36},"end":{"line":52,"column":61}},"line":52}},"branchMap":{},"s":{"0":0,"1":0,"2":0,"3":0,"4":0,"5":0,"6":0,"7":0,"8":0,"9":0,"10":0,"11":0,"12":0,"13":0,"14":0,"15":0,"16":0,"17":0,"18":0,"19":0,"20":0,"21":0,"22":0},"f":{"0":0,"1":0,"2":0,"3":0,"4":0,"5":0},"b":{},"hash":"20f97efab20949c00b21a554f9bb120b5de6046d"}
,"/workspace/FullStackOpen/fullstackopen2020/part5/bloglist-frontend/src/components/Notification.js": {"path":"/workspace/FullStackOpen/fullstackopen2020/part5/bloglist-frontend/src/components/Notification.js","statementMap":{"0":{"start":{"line":2,"column":21},"end":{"line":12,"column":1}},"1":{"start":{"line":3,"column":2},"end":{"line":5,"column":3}},"2":{"start":{"line":4,"column":4},"end":{"line":4,"column":15}},"3":{"start":{"line":7,"column":2},"end":{"line":11,"column":3}}},"fnMap":{"0":{"name":"(anonymous_0)","decl":{"start":{"line":2,"column":21},"end":{"line":2,"column":22}},"loc":{"start":{"line":2,"column":50},"end":{"line":12,"column":1}},"line":2}},"branchMap":{"0":{"loc":{"start":{"line":3,"column":2},"end":{"line":5,"column":3}},"type":"if","locations":[{"start":{"line":3,"column":2},"end":{"line":5,"column":3}},{"start":{"line":3,"column":2},"end":{"line":5,"column":3}}],"line":3}},"s":{"0":0,"1":0,"2":0,"3":0},"f":{"0":0},"b":{"0":[0,0]},"hash":"60457e94815e5fb3d27f1803033eb705a933ce31"}
,"/workspace/FullStackOpen/fullstackopen2020/part5/bloglist-frontend/src/components/PostForm.js": {"path":"/workspace/FullStackOpen/fullstackopen2020/part5/bloglist-frontend/src/components/PostForm.js","statementMap":{"0":{"start":{"line":3,"column":17},"end":{"line":76,"column":1}},"1":{"start":{"line":4,"column":34},"end":{"line":4,"column":46}},"2":{"start":{"line":5,"column":30},"end":{"line":5,"column":42}},"3":{"start":{"line":6,"column":36},"end":{"line":6,"column":48}},"4":{"start":{"line":8,"column":27},"end":{"line":22,"column":3}},"5":{"start":{"line":9,"column":4},"end":{"line":21,"column":5}},"6":{"start":{"line":11,"column":6},"end":{"line":11,"column":37}},"7":{"start":{"line":12,"column":6},"end":{"line":12,"column":11}},"8":{"start":{"line":14,"column":6},"end":{"line":14,"column":38}},"9":{"start":{"line":15,"column":6},"end":{"line":15,"column":11}},"10":{"start":{"line":17,"column":6},"end":{"line":17,"column":35}},"11":{"start":{"line":18,"column":6},"end":{"line":18,"column":11}},"12":{"start":{"line":20,"column":6},"end":{"line":20,"column":11}},"13":{"start":{"line":24,"column":18},"end":{"line":49,"column":3}},"14":{"start":{"line":25,"column":4},"end":{"line":25,"column":26}},"15":{"start":{"line":26,"column":4},"end":{"line":48,"column":5}},"16":{"start":{"line":27,"column":23},"end":{"line":27,"column":25}},"17":{"start":{"line":28,"column":6},"end":{"line":28,"column":36}},"18":{"start":{"line":29,"column":6},"end":{"line":29,"column":38}},"19":{"start":{"line":30,"column":6},"end":{"line":30,"column":32}},"20":{"start":{"line":31,"column":21},"end":{"line":31,"column":57}},"21":{"start":{"line":32,"column":6},"end":{"line":32,"column":44}},"22":{"start":{"line":33,"column":6},"end":{"line":33,"column":21}},"23":{"start":{"line":34,"column":6},"end":{"line":34,"column":22}},"24":{"start":{"line":35,"column":6},"end":{"line":35,"column":19}},"25":{"start":{"line":36,"column":6},"end":{"line":36,"column":42}},"26":{"start":{"line":37,"column":6},"end":{"line":37,"column":72}},"27":{"start":{"line":38,"column":6},"end":{"line":38,"column":30}},"28":{"start":{"line":39,"column":6},"end":{"line":41,"column":14}},"29":{"start":{"line":40,"column":8},"end":{"line":40,"column":29}},"30":{"start":{"line":43,"column":6},"end":{"line":43,"column":51}},"31":{"start":{"line":44,"column":6},"end":{"line":44,"column":30}},"32":{"start":{"line":45,"column":6},"end":{"line":47,"column":14}},"33":{"start":{"line":46,"column":8},"end":{"line":46,"column":29}},"34":{"start":{"line":51,"column":2},"end":{"line":75,"column":3}}},"fnMap":{"0":{"name":"(anonymous_0)","decl":{"start":{"line":3,"column":17},"end":{"line":3,"column":18}},"loc":{"start":{"line":3,"column":99},"end":{"line":76,"column":1}},"line":3},"1":{"name":"(anonymous_1)","decl":{"start":{"line":8,"column":27},"end":{"line":8,"column":28}},"loc":{"start":{"line":8,"column":38},"end":{"line":22,"column":3}},"line":8},"2":{"name":"(anonymous_2)","decl":{"start":{"line":24,"column":18},"end":{"line":24,"column":19}},"loc":{"start":{"line":24,"column":35},"end":{"line":49,"column":3}},"line":24},"3":{"name":"(anonymous_3)","decl":{"start":{"line":39,"column":17},"end":{"line":39,"column":18}},"loc":{"start":{"line":39,"column":23},"end":{"line":41,"column":7}},"line":39},"4":{"name":"(anonymous_4)","decl":{"start":{"line":45,"column":17},"end":{"line":45,"column":18}},"loc":{"start":{"line":45,"column":23},"end":{"line":47,"column":7}},"line":45}},"branchMap":{"0":{"loc":{"start":{"line":9,"column":4},"end":{"line":21,"column":5}},"type":"switch","locations":[{"start":{"line":10,"column":4},"end":{"line":12,"column":11}},{"start":{"line":13,"column":4},"end":{"line":15,"column":11}},{"start":{"line":16,"column":4},"end":{"line":18,"column":11}},{"start":{"line":19,"column":4},"end":{"line":20,"column":11}}],"line":9}},"s":{"0":1,"1":4,"2":4,"3":4,"4":4,"5":3,"6":1,"7":1,"8":1,"9":1,"10":1,"11":1,"12":0,"13":4,"14":1,"15":1,"16":1,"17":1,"18":1,"19":1,"20":1,"21":1,"22":0,"23":0,"24":0,"25":0,"26":0,"27":0,"28":0,"29":0,"30":1,"31":1,"32":1,"33":0,"34":4},"f":{"0":4,"1":3,"2":1,"3":0,"4":0},"b":{"0":[1,1,1,0]},"_coverageSchema":"43e27e138ebf9cfc5966b082cf9a028302ed4184","hash":"535c48af5f4b2601c2c8d63aaaa92fa59ebd530e"}
,"/workspace/FullStackOpen/fullstackopen2020/part5/bloglist-frontend/src/components/Togglable.js": {"path":"/workspace/FullStackOpen/fullstackopen2020/part5/bloglist-frontend/src/components/Togglable.js","statementMap":{"0":{"start":{"line":4,"column":18},"end":{"line":29,"column":2}},"1":{"start":{"line":5,"column":32},"end":{"line":5,"column":47}},"2":{"start":{"line":7,"column":26},"end":{"line":7,"column":60}},"3":{"start":{"line":8,"column":26},"end":{"line":8,"column":60}},"4":{"start":{"line":10,"column":27},"end":{"line":12,"column":3}},"5":{"start":{"line":11,"column":4},"end":{"line":11,"column":24}},"6":{"start":{"line":14,"column":2},"end":{"line":16,"column":4}},"7":{"start":{"line":15,"column":4},"end":{"line":15,"column":31}},"8":{"start":{"line":18,"column":2},"end":{"line":28,"column":3}},"9":{"start":{"line":31,"column":0},"end":{"line":31,"column":35}},"10":{"start":{"line":32,"column":0},"end":{"line":34,"column":1}}},"fnMap":{"0":{"name":"(anonymous_0)","decl":{"start":{"line":4,"column":35},"end":{"line":4,"column":36}},"loc":{"start":{"line":4,"column":51},"end":{"line":29,"column":1}},"line":4},"1":{"name":"(anonymous_1)","decl":{"start":{"line":10,"column":27},"end":{"line":10,"column":28}},"loc":{"start":{"line":10,"column":33},"end":{"line":12,"column":3}},"line":10},"2":{"name":"(anonymous_2)","decl":{"start":{"line":14,"column":27},"end":{"line":14,"column":28}},"loc":{"start":{"line":14,"column":33},"end":{"line":16,"column":3}},"line":14}},"branchMap":{"0":{"loc":{"start":{"line":7,"column":37},"end":{"line":7,"column":58}},"type":"cond-expr","locations":[{"start":{"line":7,"column":47},"end":{"line":7,"column":53}},{"start":{"line":7,"column":56},"end":{"line":7,"column":58}}],"line":7},"1":{"loc":{"start":{"line":8,"column":37},"end":{"line":8,"column":58}},"type":"cond-expr","locations":[{"start":{"line":8,"column":47},"end":{"line":8,"column":49}},{"start":{"line":8,"column":52},"end":{"line":8,"column":58}}],"line":8}},"s":{"0":0,"1":0,"2":0,"3":0,"4":0,"5":0,"6":0,"7":0,"8":0,"9":0,"10":0},"f":{"0":0,"1":0,"2":0},"b":{"0":[0,0],"1":[0,0]},"hash":"40ab473e722e9260930b5057b3fa86dfd80d93f5"}
,"/workspace/FullStackOpen/fullstackopen2020/part5/bloglist-frontend/src/services/blogs.js": {"path":"/workspace/FullStackOpen/fullstackopen2020/part5/bloglist-frontend/src/services/blogs.js","statementMap":{"0":{"start":{"line":2,"column":16},"end":{"line":2,"column":28}},"1":{"start":{"line":4,"column":12},"end":{"line":4,"column":16}},"2":{"start":{"line":5,"column":17},"end":{"line":7,"column":1}},"3":{"start":{"line":6,"column":2},"end":{"line":6,"column":30}},"4":{"start":{"line":9,"column":15},"end":{"line":12,"column":1}},"5":{"start":{"line":10,"column":18},"end":{"line":10,"column":36}},"6":{"start":{"line":11,"column":2},"end":{"line":11,"column":50}},"7":{"start":{"line":11,"column":36},"end":{"line":11,"column":49}},"8":{"start":{"line":14,"column":15},"end":{"line":18,"column":1}},"9":{"start":{"line":15,"column":17},"end":{"line":15,"column":54}},"10":{"start":{"line":16,"column":19},"end":{"line":16,"column":63}},"11":{"start":{"line":17,"column":2},"end":{"line":17,"column":22}},"12":{"start":{"line":20,"column":15},"end":{"line":24,"column":1}},"13":{"start":{"line":21,"column":17},"end":{"line":21,"column":54}},"14":{"start":{"line":22,"column":18},"end":{"line":22,"column":66}},"15":{"start":{"line":23,"column":2},"end":{"line":23,"column":50}},"16":{"start":{"line":23,"column":36},"end":{"line":23,"column":49}},"17":{"start":{"line":26,"column":15},"end":{"line":30,"column":1}},"18":{"start":{"line":27,"column":17},"end":{"line":27,"column":54}},"19":{"start":{"line":28,"column":18},"end":{"line":28,"column":58}},"20":{"start":{"line":29,"column":2},"end":{"line":29,"column":50}},"21":{"start":{"line":29,"column":36},"end":{"line":29,"column":49}}},"fnMap":{"0":{"name":"(anonymous_0)","decl":{"start":{"line":5,"column":17},"end":{"line":5,"column":18}},"loc":{"start":{"line":5,"column":31},"end":{"line":7,"column":1}},"line":5},"1":{"name":"(anonymous_1)","decl":{"start":{"line":9,"column":15},"end":{"line":9,"column":16}},"loc":{"start":{"line":9,"column":21},"end":{"line":12,"column":1}},"line":9},"2":{"name":"(anonymous_2)","decl":{"start":{"line":11,"column":22},"end":{"line":11,"column":23}},"loc":{"start":{"line":11,"column":36},"end":{"line":11,"column":49}},"line":11},"3":{"name":"(anonymous_3)","decl":{"start":{"line":14,"column":15},"end":{"line":14,"column":16}},"loc":{"start":{"line":14,"column":36},"end":{"line":18,"column":1}},"line":14},"4":{"name":"(anonymous_4)","decl":{"start":{"line":20,"column":15},"end":{"line":20,"column":16}},"loc":{"start":{"line":20,"column":34},"end":{"line":24,"column":1}},"line":20},"5":{"name":"(anonymous_5)","decl":{"start":{"line":23,"column":22},"end":{"line":23,"column":23}},"loc":{"start":{"line":23,"column":36},"end":{"line":23,"column":49}},"line":23},"6":{"name":"(anonymous_6)","decl":{"start":{"line":26,"column":15},"end":{"line":26,"column":16}},"loc":{"start":{"line":26,"column":23},"end":{"line":30,"column":1}},"line":26},"7":{"name":"(anonymous_7)","decl":{"start":{"line":29,"column":22},"end":{"line":29,"column":23}},"loc":{"start":{"line":29,"column":36},"end":{"line":29,"column":49}},"line":29}},"branchMap":{},"s":{"0":2,"1":2,"2":2,"3":0,"4":2,"5":2,"6":2,"7":0,"8":2,"9":0,"10":0,"11":0,"12":2,"13":0,"14":0,"15":0,"16":0,"17":2,"18":0,"19":0,"20":0,"21":0},"f":{"0":0,"1":2,"2":0,"3":0,"4":0,"5":0,"6":0,"7":0},"b":{},"_coverageSchema":"43e27e138ebf9cfc5966b082cf9a028302ed4184","hash":"03ece0b1c39f9aecef4b9ba8add572034c0b531d"}
,"/workspace/FullStackOpen/fullstackopen2020/part5/bloglist-frontend/src/services/login.js": {"path":"/workspace/FullStackOpen/fullstackopen2020/part5/bloglist-frontend/src/services/login.js","statementMap":{"0":{"start":{"line":2,"column":16},"end":{"line":2,"column":28}},"1":{"start":{"line":4,"column":14},"end":{"line":7,"column":1}},"2":{"start":{"line":5,"column":19},"end":{"line":5,"column":57}},"3":{"start":{"line":6,"column":2},"end":{"line":6,"column":22}}},"fnMap":{"0":{"name":"(anonymous_0)","decl":{"start":{"line":4,"column":14},"end":{"line":4,"column":15}},"loc":{"start":{"line":4,"column":35},"end":{"line":7,"column":1}},"line":4}},"branchMap":{},"s":{"0":0,"1":0,"2":0,"3":0},"f":{"0":0},"b":{},"hash":"c6f6e44e70c7a1a1ddcdbb5812d52bd2851a8620"}
}
